共有： 117个jar文件
com.ibm.icu.source_4.4.2.v20110823.jar
com/ibm/icu/impl/Assert.java
com.ibm.icu_4.4.2.v20110823.jar
com/ibm/icu/impl/Assert.class
org.eclipse.equinox.common.source_3.6.100.v20120522-1841.jar
org/eclipse/core/runtime/Assert.java
org.eclipse.equinox.common_3.6.100.v20120522-1841.jar
org/eclipse/core/runtime/Assert.class
org.eclipse.jface.source_3.8.0.v20120521-2332.jar
org/eclipse/jface/util/Assert.java
org.eclipse.jface_3.8.0.v20120521-2332.jar
org/eclipse/jface/util/Assert.class
org.eclipse.jst.jsp.core_1.2.502.v201301101836.jar
org/eclipse/jst/jsp/core/internal/Assert.class
org.eclipse.text.source_3.5.200.v20120523-1310.jar
org/eclipse/jface/text/Assert.java
org.eclipse.text_3.5.200.v20120523-1310.jar
org/eclipse/jface/text/Assert.class
org.eclipse.wst.common.emf_1.2.100.v201101101900.jar
org/eclipse/wst/common/internal/emf/utilities/Assert.class
org.eclipse.wst.sse.core_1.1.702.v201301241617.jar
org/eclipse/wst/sse/core/internal/encoding/util/Assert.class
org.eclipse.wst.sse.core_1.1.702.v201301241617.jar
org/eclipse/wst/sse/core/internal/util/Assert.class
org.eclipse.wst.sse.ui_1.3.102.v201301162301.jar
org/eclipse/wst/sse/ui/internal/util/Assert.class
org.junit.source_3.8.2.v3_8_2_v20100427-1100.jar
junitsrc/junit/framework/Assert.java
org.junit.source_4.10.0.v4_10_0_v20120426-0900.jar
junitsrc/junit/framework/Assert.java
org.junit.source_4.10.0.v4_10_0_v20120426-0900.jar
junitsrc/org/junit/Assert.java
共有： 454个jar文件
org.eclipse.text.source_3.5.200.v20120523-1310.jar
org/eclipse/jface/text/CopyOnWriteTextStore.java
org.eclipse.text_3.5.200.v20120523-1310.jar
org/eclipse/jface/text/CopyOnWriteTextStore.class
共有： 454个jar文件
geronimo-jms_1.1_spec-1.1.1.jar
javax/jms/MessageConsumer.class
共有： 17个jar文件
activemq-core-5.1.0.jar
org/apache/activemq/management/JMSStatsImpl.class
共有： 17个jar文件
axiom-api-1.2.7.jar
org/apache/axiom/om/util/Base64.class
axis.jar
org/apache/axis/encoding/Base64.class
axis.jar
org/apache/axis/utils/Base64.class
axis2-adb-1.4.jar
org/apache/axis2/databinding/types/soapencoding/Base64.class
axis2-adb-1.4.jar
org/apache/axis2/databinding/types/xsd/Base64.class
axis2-kernel-1.4.jar
org/apache/axis2/util/Base64.class
bcprov-jdk14-136.jar
org/bouncycastle/util/encoders/Base64.class
commons-codec-1.3.jar
org/apache/commons/codec/binary/Base64.class
commons-net-2.2.jar
org/apache/commons/net/util/Base64.class
dwr3.jar
org/directwebremoting/util/Base64.class
iText-2.1.5.jar
com/lowagie/text/pdf/codec/Base64.class
jakarta-slide-webdavlib-2.1M1.jar
org/apache/util/Base64.class
jboss-common.jar
org/jboss/util/Base64.class
jcifs-1.3.17.jar
jcifs/util/Base64.class
ldap.jar
com/novell/ldap/util/Base64.class
saaj-impl.jar
com/sun/xml/messaging/saaj/util/Base64.class
xercesImpl-2.8.1.jar
org/apache/xerces/impl/dv/util/Base64.class
xmlbeans-2.3.0.jar
org/apache/xmlbeans/impl/util/Base64.class
共有： 185个jar文件
rt.jar
com/sun/net/httpserver/Base64.class
rt.jar
com/sun/org/apache/xerces/internal/impl/dv/util/Base64.class
rt.jar
com/sun/org/apache/xml/internal/security/utils/Base64.class
rt.jar
com/sun/xml/internal/messaging/saaj/util/Base64.class
rt.jar
java/util/prefs/Base64.class
共有： 11个jar文件
共有： 12个jar文件
